2024-08-11 11:02:47.493+0000 INFO  Logging config in use: File '/var/lib/neo4j/conf/user-logs.xml'
2024-08-11 11:02:47.507+0000 INFO  Starting...
2024-08-11 11:02:48.189+0000 ERROR Failed to start Neo4j on 0.0.0.0:7474.
java.lang.RuntimeException: java.io.IOException: No space left on device
	at org.neo4j.dbms.identity.AbstractIdentityModule.readOrGenerate(AbstractIdentityModule.java:61) ~[neo4j-5.21.2.jar:5.21.2]
	at org.neo4j.dbms.identity.DefaultIdentityModule.<init>(DefaultIdentityModule.java:40) ~[neo4j-5.21.2.jar:5.21.2]
	at org.neo4j.dbms.identity.DefaultIdentityModule.<init>(DefaultIdentityModule.java:33) ~[neo4j-5.21.2.jar:5.21.2]
	at org.neo4j.graphdb.factory.module.edition.CommunityEditionModule.<init>(CommunityEditionModule.java:147) ~[neo4j-5.21.2.jar:5.21.2]
	at org.neo4j.graphdb.facade.DatabaseManagementServiceFactory.build(DatabaseManagementServiceFactory.java:141) ~[neo4j-5.21.2.jar:5.21.2]
	at org.neo4j.server.CommunityBootstrapper.createNeo(CommunityBootstrapper.java:38) ~[neo4j-5.21.2.jar:5.21.2]
	at org.neo4j.server.NeoBootstrapper.start(NeoBootstrapper.java:184) [neo4j-5.21.2.jar:5.21.2]
	at org.neo4j.server.NeoBootstrapper.start(NeoBootstrapper.java:99) [neo4j-5.21.2.jar:5.21.2]
	at org.neo4j.server.CommunityEntryPoint.main(CommunityEntryPoint.java:30) [neo4j-5.21.2.jar:5.21.2]
Caused by: java.io.IOException: No space left on device
	at sun.nio.ch.FileDispatcherImpl.write0(Native Method) ~[?:?]
	at sun.nio.ch.FileDispatcherImpl.write(FileDispatcherImpl.java:62) ~[?:?]
	at sun.nio.ch.IOUtil.writeFromNativeBuffer(IOUtil.java:132) ~[?:?]
	at sun.nio.ch.IOUtil.write(IOUtil.java:76) ~[?:?]
	at sun.nio.ch.IOUtil.write(IOUtil.java:67) ~[?:?]
	at sun.nio.ch.FileChannelImpl.write(FileChannelImpl.java:288) ~[?:?]
	at org.neo4j.io.fs.StoreFileChannel.write(StoreFileChannel.java:266) ~[neo4j-io-5.21.2.jar:5.21.2]
	at org.neo4j.io.fs.StoreFileChannel.writeAll(StoreFileChannel.java:139) ~[neo4j-io-5.21.2.jar:5.21.2]
	at org.neo4j.io.fs.DefaultFileSystemAbstraction$NativeByteBufferOutputStream.write(DefaultFileSystemAbstraction.java:280) ~[neo4j-io-5.21.2.jar:5.21.2]
	at java.io.BufferedOutputStream.flushBuffer(BufferedOutputStream.java:81) ~[?:?]
	at java.io.BufferedOutputStream.flush(BufferedOutputStream.java:142) ~[?:?]
	at java.io.FilterOutputStream.close(FilterOutputStream.java:182) ~[?:?]
	at java.io.FilterOutputStream.close(FilterOutputStream.java:191) ~[?:?]
	at org.neo4j.io.fs.OutputStreamWritableChannel.close(OutputStreamWritableChannel.java:114) ~[neo4j-io-5.21.2.jar:5.21.2]
	at org.neo4j.io.state.SimpleFileStorage.writeState(SimpleFileStorage.java:67) ~[neo4j-io-5.21.2.jar:5.21.2]
	at org.neo4j.dbms.identity.AbstractIdentityModule.readOrGenerate(AbstractIdentityModule.java:56) ~[neo4j-5.21.2.jar:5.21.2]
	... 8 more
	Suppressed: java.io.IOException: No space left on device
		at sun.nio.ch.FileDispatcherImpl.write0(Native Method) ~[?:?]
		at sun.nio.ch.FileDispatcherImpl.write(FileDispatcherImpl.java:62) ~[?:?]
		at sun.nio.ch.IOUtil.writeFromNativeBuffer(IOUtil.java:132) ~[?:?]
		at sun.nio.ch.IOUtil.write(IOUtil.java:76) ~[?:?]
		at sun.nio.ch.IOUtil.write(IOUtil.java:67) ~[?:?]
		at sun.nio.ch.FileChannelImpl.write(FileChannelImpl.java:288) ~[?:?]
		at org.neo4j.io.fs.StoreFileChannel.write(StoreFileChannel.java:266) ~[neo4j-io-5.21.2.jar:5.21.2]
		at org.neo4j.io.fs.StoreFileChannel.writeAll(StoreFileChannel.java:139) ~[neo4j-io-5.21.2.jar:5.21.2]
		at org.neo4j.io.fs.DefaultFileSystemAbstraction$NativeByteBufferOutputStream.write(DefaultFileSystemAbstraction.java:280) ~[neo4j-io-5.21.2.jar:5.21.2]
		at java.io.BufferedOutputStream.flushBuffer(BufferedOutputStream.java:81) ~[?:?]
		at java.io.BufferedOutputStream.flush(BufferedOutputStream.java:142) ~[?:?]
		at java.io.DataOutputStream.flush(DataOutputStream.java:128) ~[?:?]
		at java.io.FilterOutputStream.close(FilterOutputStream.java:182) ~[?:?]
		at org.neo4j.io.fs.OutputStreamWritableChannel.close(OutputStreamWritableChannel.java:114) ~[neo4j-io-5.21.2.jar:5.21.2]
		at org.neo4j.io.state.SimpleFileStorage.writeState(SimpleFileStorage.java:67) ~[neo4j-io-5.21.2.jar:5.21.2]
		at org.neo4j.dbms.identity.AbstractIdentityModule.readOrGenerate(AbstractIdentityModule.java:56) ~[neo4j-5.21.2.jar:5.21.2]
		at org.neo4j.dbms.identity.DefaultIdentityModule.<init>(DefaultIdentityModule.java:40) ~[neo4j-5.21.2.jar:5.21.2]
		at org.neo4j.dbms.identity.DefaultIdentityModule.<init>(DefaultIdentityModule.java:33) ~[neo4j-5.21.2.jar:5.21.2]
		at org.neo4j.graphdb.factory.module.edition.CommunityEditionModule.<init>(CommunityEditionModule.java:147) ~[neo4j-5.21.2.jar:5.21.2]
		at org.neo4j.graphdb.facade.DatabaseManagementServiceFactory.build(DatabaseManagementServiceFactory.java:141) ~[neo4j-5.21.2.jar:5.21.2]
		at org.neo4j.server.CommunityBootstrapper.createNeo(CommunityBootstrapper.java:38) ~[neo4j-5.21.2.jar:5.21.2]
		at org.neo4j.server.NeoBootstrapper.start(NeoBootstrapper.java:184) [neo4j-5.21.2.jar:5.21.2]
		at org.neo4j.server.NeoBootstrapper.start(NeoBootstrapper.java:99) [neo4j-5.21.2.jar:5.21.2]
		at org.neo4j.server.CommunityEntryPoint.main(CommunityEntryPoint.java:30) [neo4j-5.21.2.jar:5.21.2]
2024-08-11 11:02:48.193+0000 INFO  Neo4j Server shutdown initiated by request
2024-08-11 11:02:48.193+0000 INFO  Stopped.
2024-08-11 11:03:23.078+0000 INFO  Logging config in use: File '/var/lib/neo4j/conf/user-logs.xml'
2024-08-11 11:03:23.092+0000 INFO  Starting...
2024-08-11 11:03:24.174+0000 ERROR Failed to start Neo4j on 0.0.0.0:7474.
java.lang.RuntimeException: java.io.IOException: No space left on device
	at org.neo4j.dbms.identity.AbstractIdentityModule.readOrGenerate(AbstractIdentityModule.java:61) ~[neo4j-5.21.2.jar:5.21.2]
	at org.neo4j.dbms.identity.DefaultIdentityModule.<init>(DefaultIdentityModule.java:40) ~[neo4j-5.21.2.jar:5.21.2]
	at org.neo4j.dbms.identity.DefaultIdentityModule.<init>(DefaultIdentityModule.java:33) ~[neo4j-5.21.2.jar:5.21.2]
	at org.neo4j.graphdb.factory.module.edition.CommunityEditionModule.<init>(CommunityEditionModule.java:147) ~[neo4j-5.21.2.jar:5.21.2]
	at org.neo4j.graphdb.facade.DatabaseManagementServiceFactory.build(DatabaseManagementServiceFactory.java:141) ~[neo4j-5.21.2.jar:5.21.2]
	at org.neo4j.server.CommunityBootstrapper.createNeo(CommunityBootstrapper.java:38) ~[neo4j-5.21.2.jar:5.21.2]
	at org.neo4j.server.NeoBootstrapper.start(NeoBootstrapper.java:184) [neo4j-5.21.2.jar:5.21.2]
	at org.neo4j.server.NeoBootstrapper.start(NeoBootstrapper.java:99) [neo4j-5.21.2.jar:5.21.2]
	at org.neo4j.server.CommunityEntryPoint.main(CommunityEntryPoint.java:30) [neo4j-5.21.2.jar:5.21.2]
Caused by: java.io.IOException: No space left on device
	at sun.nio.ch.FileDispatcherImpl.write0(Native Method) ~[?:?]
	at sun.nio.ch.FileDispatcherImpl.write(FileDispatcherImpl.java:62) ~[?:?]
	at sun.nio.ch.IOUtil.writeFromNativeBuffer(IOUtil.java:132) ~[?:?]
	at sun.nio.ch.IOUtil.write(IOUtil.java:76) ~[?:?]
	at sun.nio.ch.IOUtil.write(IOUtil.java:67) ~[?:?]
	at sun.nio.ch.FileChannelImpl.write(FileChannelImpl.java:288) ~[?:?]
	at org.neo4j.io.fs.StoreFileChannel.write(StoreFileChannel.java:266) ~[neo4j-io-5.21.2.jar:5.21.2]
	at org.neo4j.io.fs.StoreFileChannel.writeAll(StoreFileChannel.java:139) ~[neo4j-io-5.21.2.jar:5.21.2]
	at org.neo4j.io.fs.DefaultFileSystemAbstraction$NativeByteBufferOutputStream.write(DefaultFileSystemAbstraction.java:280) ~[neo4j-io-5.21.2.jar:5.21.2]
	at java.io.BufferedOutputStream.flushBuffer(BufferedOutputStream.java:81) ~[?:?]
	at java.io.BufferedOutputStream.flush(BufferedOutputStream.java:142) ~[?:?]
	at java.io.FilterOutputStream.close(FilterOutputStream.java:182) ~[?:?]
	at java.io.FilterOutputStream.close(FilterOutputStream.java:191) ~[?:?]
	at org.neo4j.io.fs.OutputStreamWritableChannel.close(OutputStreamWritableChannel.java:114) ~[neo4j-io-5.21.2.jar:5.21.2]
	at org.neo4j.io.state.SimpleFileStorage.writeState(SimpleFileStorage.java:67) ~[neo4j-io-5.21.2.jar:5.21.2]
	at org.neo4j.dbms.identity.AbstractIdentityModule.readOrGenerate(AbstractIdentityModule.java:56) ~[neo4j-5.21.2.jar:5.21.2]
	... 8 more
	Suppressed: java.io.IOException: No space left on device
		at sun.nio.ch.FileDispatcherImpl.write0(Native Method) ~[?:?]
		at sun.nio.ch.FileDispatcherImpl.write(FileDispatcherImpl.java:62) ~[?:?]
		at sun.nio.ch.IOUtil.writeFromNativeBuffer(IOUtil.java:132) ~[?:?]
		at sun.nio.ch.IOUtil.write(IOUtil.java:76) ~[?:?]
		at sun.nio.ch.IOUtil.write(IOUtil.java:67) ~[?:?]
		at sun.nio.ch.FileChannelImpl.write(FileChannelImpl.java:288) ~[?:?]
		at org.neo4j.io.fs.StoreFileChannel.write(StoreFileChannel.java:266) ~[neo4j-io-5.21.2.jar:5.21.2]
		at org.neo4j.io.fs.StoreFileChannel.writeAll(StoreFileChannel.java:139) ~[neo4j-io-5.21.2.jar:5.21.2]
		at org.neo4j.io.fs.DefaultFileSystemAbstraction$NativeByteBufferOutputStream.write(DefaultFileSystemAbstraction.java:280) ~[neo4j-io-5.21.2.jar:5.21.2]
		at java.io.BufferedOutputStream.flushBuffer(BufferedOutputStream.java:81) ~[?:?]
		at java.io.BufferedOutputStream.flush(BufferedOutputStream.java:142) ~[?:?]
		at java.io.DataOutputStream.flush(DataOutputStream.java:128) ~[?:?]
		at java.io.FilterOutputStream.close(FilterOutputStream.java:182) ~[?:?]
		at org.neo4j.io.fs.OutputStreamWritableChannel.close(OutputStreamWritableChannel.java:114) ~[neo4j-io-5.21.2.jar:5.21.2]
		at org.neo4j.io.state.SimpleFileStorage.writeState(SimpleFileStorage.java:67) ~[neo4j-io-5.21.2.jar:5.21.2]
		at org.neo4j.dbms.identity.AbstractIdentityModule.readOrGenerate(AbstractIdentityModule.java:56) ~[neo4j-5.21.2.jar:5.21.2]
		at org.neo4j.dbms.identity.DefaultIdentityModule.<init>(DefaultIdentityModule.java:40) ~[neo4j-5.21.2.jar:5.21.2]
		at org.neo4j.dbms.identity.DefaultIdentityModule.<init>(DefaultIdentityModule.java:33) ~[neo4j-5.21.2.jar:5.21.2]
		at org.neo4j.graphdb.factory.module.edition.CommunityEditionModule.<init>(CommunityEditionModule.java:147) ~[neo4j-5.21.2.jar:5.21.2]
		at org.neo4j.graphdb.facade.DatabaseManagementServiceFactory.build(DatabaseManagementServiceFactory.java:141) ~[neo4j-5.21.2.jar:5.21.2]
		at org.neo4j.server.CommunityBootstrapper.createNeo(CommunityBootstrapper.java:38) ~[neo4j-5.21.2.jar:5.21.2]
		at org.neo4j.server.NeoBootstrapper.start(NeoBootstrapper.java:184) [neo4j-5.21.2.jar:5.21.2]
		at org.neo4j.server.NeoBootstrapper.start(NeoBootstrapper.java:99) [neo4j-5.21.2.jar:5.21.2]
		at org.neo4j.server.CommunityEntryPoint.main(CommunityEntryPoint.java:30) [neo4j-5.21.2.jar:5.21.2]
2024-08-11 11:03:24.178+0000 INFO  Neo4j Server shutdown initiated by request
2024-08-11 11:03:24.178+0000 INFO  Stopped.
